#
# JMF Version 2.1.1e
#

## Platform: Linux, amd64, 4.2.0-35-generic
## Java VM: Oracle Corporation, 1.7.0_95

## DataSource created: com.sun.media.protocol.javasound.DataSource@2bf35e0a

$$ Profile: instantiation: 2 ms

## Processor created: com.sun.media.processor.unknown.Handler@55d44a0c
##   using DataSource: com.sun.media.protocol.javasound.DataSource@2bf35e0a

$$ Profile: parsing: 3 ms

## Building flow graph for: javasound://44100

## Building Track: 0
## Input: LINEAR, 44100.0 Hz, 16-bit, Mono, LittleEndian, Signed
## Custom options specified.
## An output format is specified: ULAW/rtp, 8000.0 Hz, 8-bit, Mono
## An output content type is specified: RAW/RTP
    

## Here's the completed flow graph:
      com.sun.media.parser.RawBufferParser@3da776fa
         connects to: com.ibm.media.codec.audio.rc.RCModule@3d7436b5
         format: LINEAR, 44100.0 Hz, 16-bit, Mono, LittleEndian, Signed
      com.ibm.media.codec.audio.rc.RCModule@3d7436b5
         connects to: com.ibm.media.codec.audio.ulaw.JavaEncoder@18b3c498
         format: LINEAR, 8000.0 Hz, 16-bit, Mono, LittleEndian, Signed
      com.ibm.media.codec.audio.ulaw.JavaEncoder@18b3c498
         connects to: com.sun.media.codec.audio.ulaw.Packetizer@422fe3d3
         format: ULAW, 8000.0 Hz, 8-bit, Mono, FrameSize=8 bits
      com.sun.media.codec.audio.ulaw.Packetizer@422fe3d3
         connects to: com.sun.media.multiplexer.RTPSyncBufferMux@56165397
         format: ULAW/rtp, 8000.0 Hz, 8-bit, Mono, FrameSize=8 bits
    

$$ Profile: graph building: 124 ms

$$ Profile: realize, post graph building: 41 ms

## Computed latency for video: 60 ms

